0
0
I_am_the_admin 奥斯卡 foo@bar.com 10
0
0
0
0
0
0
0
0
Plume 翎羽 PARTY.A.spectre@is.haunting 9
I_am_the_admin 奥斯卡 foo@bar.com 10
Plume 翎羽 PARTY.A.spectre@is.haunting 9
0
0
0
0
0
0
0
0
0
0
Haze 夜烟 Czar.Metternich@and.Guizot 3
Astesia 星极 Europethe.spectre@of.Communism 6
Haze 夜烟 policespies@Where.is 3
0
0
0
0
Haze 夜烟 policespies@Where.is 3
0
0
0
0
0
0
Ansel 安赛尔 opponents.in@power.Where 4
0
0
0
-1
Snowsant 雪雉 is.the.Opposition@that.has 3
0
-1
0
0
0
0
-1
Scavenger 清道夫 opposition@parties.as 3
Snowsant 雪雉 is.the.Opposition@that.has 3
Blaze 煌煌 against.the@more.advanced 1
Scavenger 清道夫 opposition@parties.as 3
0
0
Snowsant 雪雉 is.the.Opposition@that.has 3
0
0
Haze 夜烟 policespies@Where.is 3
0
0
0
0
Conviction 断罪者 I.Communism@is.already 2
0
-1
0
Snowsant 雪雉 is.the.Opposition@that.has 3
Snowsant 雪雉 is.the.Opposition@that.has 3
Haze 夜烟 policespies@Where.is 3
Ansel 安赛尔 opponents.in@power.Where 4
0
0
0
0
0
Nightmare 夜魔 is.high.time@that.Communists 4
Ansel 安赛尔 opponents.in@power.Where 4
-1
0
0
0
0
Ansel 安赛尔 opponents.in@power.Where 4
-1
0
-1
Mousse 慕斯 itself.a.Power@II.It 4
0
0
0
0
Conviction 断罪者 I.Communism@is.already 2
0
0
Haze 夜烟 policespies@Where.is 3
0
0
0
0
0
0
0
-1
Conviction 断罪者 I.Communism@is.already 2
0
0
0
-1
Conviction 断罪者 I.Communism@is.already 2
Hellagur 赫拉格 meet.this.nursery@tale.of 3
Rope 暗索 in.London.and@sketched.the 4
0
-1
Nightmare 夜魔 is.high.time@that.Communists 4
0
0
0
0
0
0
0
0
0
0
0
0
0
0
0
0
Phantom 傀影 following.Manifesto@to.be 2
Rope 暗索 in.London.and@sketched.the 4
0
0
0
-1
0
0
0
0
0
0
0
0
0
Conviction 断罪者 that.each.time@ended.either 2
0
0
Ambriel 安比尔 history.of@all.hitherto 3
Conviction 断罪者 that.each.time@ended.either 2
0
-1
Grani 格拉尼 in.a.word.oppressor@and.oppres 1
Mousse 慕斯 itself.a.Power@II.It 4
Ambriel 安比尔 history.of@all.hitherto 3
-1
Hellagur 赫拉格 meet.this.nursery@tale.of 3
Grani 格拉尼 in.a.word.oppressor@and.oppres 1
0
0
Nian 年年 in.the.common@ruin.of 1
Courier 讯使 end.Communists@of.various 1
Scavenger 清道夫 opposition@parties.as 3
Snowsant 雪雉 is.the.Opposition@that.has 3
0
0
0
0
0
W 达不溜 French.German@Italian.Flemish 2
Scavenger 清道夫 opposition@parties.as 3
Snowsant 雪雉 is.the.Opposition@that.has 3
0
0
0
0
-1
Fang 芬芬 nationalities@have.assembled 3
Bison 拜松 one.another@carried.on 1
Vigna 红豆 adversaries@Two.things 5
0
0
0
-1
0
-1
0
0
0
0
Ceobe 刻俄柏 acknowledged@by.all 4
0
0
0
Haze 夜烟 policespies@Where.is 3
-1
0
0
Ambriel 安比尔 history.of@all.hitherto 3
Ambriel 安比尔 history.of@all.hitherto 3
0
0
0
-1
0
0
Mousse 慕斯 itself.a.Power@II.It 4
Sussurro 苏苏洛 into.various@orders.a 1
0
0
0
0
Mousse 慕斯 itself.a.Power@II.It 4
NoirCorne 黑角 face.of.the@whole.world 4
Provence 普罗旺斯 aims.their@tendencies.and 4
WaaiFu 槐琥 have.patricians@knights.plebei 1
0
Ifrit 伊芙利特 slaves.in.the@Middle.Ages 3
Sesa 慑砂 everywhere@a.complicated 4
Mousse 慕斯 itself.a.Power@II.It 4
Ambriel 安比尔 history.of@all.hitherto 3
Bison 拜松 one.another@carried.on 1
Zima 凛冬 classes.again@subordinate.grad 1
Liskarm 雷蛇 the.Spectre@of.Communism 3
0
0
0
0
Schwarz 黑黑 and.Danish@languages.I 1
0
0
0
0
Popukar 泡普卡 journeymen@apprentices.serfs 1
0
0
Greyy 格雷 new.forms.of@struggle.in 4
Ambriel 安比尔 history.of@all.hitherto 3
0
0
0
0
ProjeKTRed 红红 place.of.the@old.ones 1
Magallan 麦哲伦 arrangement@of.society 2
Eyjafjalla 艾雅法拉 but.established@new.classes 1
NoirCorne 黑角 face.of.the@whole.world 4
Ambriel 安比尔 the.bourgeoisie@possesses.howe 3
Greyy 格雷 new.forms.of@struggle.in 4
Frostleaf 霜叶 existing.societies@is.the 1
0
0
0
0
Haze 夜烟 antagonisms@Society.as 3
0
0
Ifrit 伊芙利特 slaves.in.the@Middle.Ages 3
0
Gummy 古米 new.conditions@of.oppression 4
Conviction 断罪者 that.each.time@ended.either 2
Purestream 清流 this.distinctive@feature.it 2
Sora 空空 manifold.gradation@of.social 2
Courier 讯使 more.splitting@up.into 1
0
0
0
Scavenger 清道夫 opposition@parties.as 3
FEater 食铁兽 not.done.away@with.class 1
Sora 空空 manifold.gradation@of.social 2
Popukar 泡普卡 journeymen@apprentices.serfs 1
0
0
0
0
0
0
0
Courier 讯使 more.splitting@up.into 1
0
0
Broca 布洛卡 serfs.of.the@Middle.Ages 4
0
-1
Fang 芬芬 nationalities@have.assembled 3
Gummy 古米 new.conditions@of.oppression 4
Courier 讯使 more.splitting@up.into 1
0
-1
Durin 杜林 Proletariat@From.the 1
0
0
Eyjafjalla 艾雅法拉 but.established@new.classes 1
Nian 年年 in.the.common@ruin.of 1
Executor 送葬人 two.great.hostile@camps.into 1
Croissant 可颂 ruins.of.feudal@society.has 4
0
Gummy 古米 new.conditions@of.oppression 4
Zima 凛冬 classes.again@subordinate.grad 1
0
0
ProjeKTRed 红红 place.of.the@old.ones 1
Shining 闪灵 publish.their@views.their 1
Fang 芬芬 nationalities@have.assembled 3
Mousse 慕斯 itself.a.Power@II.It 4
Conviction 断罪者 that.each.time@ended.either 2
-1
Ceobe 刻俄柏 acknowledged@by.all 4
Snowsant 雪雉 is.the.Opposition@that.has 3
0
0
0
0
Scavenger 清道夫 opposition@parties.as 3
0
0
0
0
0
0
Aak 阿阿 an.uninterrupted@now.hidden 1
Sideroca 铸铁 of.the.earliest@towns.From 2
0
0
0
0
Broca 布洛 serfs.of.the@Middle.Ages 4
0
0
Gavial 嘉维尔 each.other@Bourgeoisie.and 1
0
Rope 暗索 in.London.and@sketched.the 4
Sora 空空 manifold.gradation@of.social 2
0
0
Durin 杜林 Proletariat@From.the 1
Bison 拜松 one.another@carried.on 1
0
0
-1
Bibeak 柏喙 rising.bourgeoisie@The.EastInd 1
0
0
GreyThroat 灰喉 means.of.exchange@and.in 2
Eyjafjalla 艾雅法拉 but.established@new.classes 1
Schwarz 黑黑 and.Danish@languages.I 1
Courier 讯使 more.splitting@up.into 1
Gravel 砾砾 trade.with@the.colonies 4
Amiya 阿米娅 commodities@generally.gave 2
0
Deepcolor 深海色 The.modern@bourgeois.society 3
Mousse 慕斯 itself.a.Power@II.It 4
Fang 芬芬 to.commerce@to.navigation 3
Nian 年年 in.the.common@ruin.of 1
0
Hung 吽吽 that.has.sprouted@from.the 3
0
0
Hung 吽吽 that.has.sprouted@from.the 3
0
-1
Sideroca 铸铁 of.the.earliest@towns.From 2
Purestream 清流 this.distinctive@feature.it 2
Gavial 嘉维尔 each.other@Bourgeoisie.and 1
-1
Sora 空空 manifold.gradation@of.social 2
0
0
0
0
Sideroca 铸铁 of.the.earliest@towns.From 2
Liskarm 雷蛇 the.Spectre@of.Communism 3
0
Gummy 古米 new.conditions@of.oppression 4
0
Rope 暗索 in.London.and@sketched.the 4
0
0
0
0
Gummy 古米 new.conditions@of.oppression 4
Ambriel 安比尔 the.bourgeoisie@possesses.howe 3
Magallan 麦哲伦 arrangement@of.society 2
Gravel 砾砾 trade.with@the.colonies 4
Eyjafjalla 艾雅法拉 but.established@new.classes 1
Courier 讯使 more.splitting@up.into 1
Siege 推进之王 in.a.revolutionary@reconstitut 1
Savage 暴行 fresh.ground@for.the 1
Rope 暗索 in.London.and@sketched.the 4
Broca 布洛 serfs.of.the@Middle.Ages 4
Greyy 格雷 new.forms.of@struggle.in 4
Frostleaf 霜叶 existing.societies@is.the 1
Schwarz 黑黑 and.Danish@languages.I 1
0
Weedy 温蒂 with.a.Manifesto@of.the 2
-1
0
0
0
Scavenger 清道夫 opposition@parties.as 3
Snowsant 雪雉 is.the.Opposition@that.has 3
Zima 凛冬 classes.again@subordinate.grad 1
Gummy 古米 new.conditions@of.oppression 4
Phantom 傀影 following.Manifesto@to.be 2
Ceobe 刻俄柏 development@The.feudal 4
Sussurro 苏苏洛 into.various@orders.a 1
0
0
Ceobe 刻俄柏 development@The.feudal 4
Hellagur 赫拉格 meet.this.nursery@tale.of 3
Franka 芙兰卡 and.Chinese@markets.the 1
Purestream 清流 this.distinctive@feature.it 2
0
0
Gavial 嘉维尔 each.other@Bourgeoisie.and 1
0
0
NoirCorne 黑角 face.of.the@whole.world 4
Deepcolor 深海色 The.modern@bourgeois.society 3
Popukar 泡普卡 journeymen@apprentices.serfs 1
0
0
Gravel 砾砾 trade.with@the.colonies 4
Gravel 砾砾 trade.with@the.colonies 4
0
0
0
Greyy 格雷 new.forms.of@struggle.in 4
0
Ceobe 刻俄柏 development@The.feudal 4
Utage 宴宴 never.before@known.and 2
Sideroca 铸铁 of.the.earliest@towns.From 2
Silence 赫默 has.simplified@the.class 2
Greyy 格雷 new.forms.of@struggle.in 4
WaaiFu 槐琥 have.patricians@knights.plebei 1
Blaze 煌煌 against.the@more.advanced 1
Schwarz 黑黑 wants.of.the@new.markets 1
0
0
Eyjafjalla 艾雅法 its.place.The@guildmasters.wer 1
0
0
Durin 杜林 Proletariat@From.the 1
Weedy 温蒂 with.a.Manifesto@of.the 2
Mousse 慕斯 itself.a.Power@II.It 4
Eyjafjalla 艾雅法 its.place.The@guildmasters.wer 1
W 达不溜 French.German@Italian.Flemish 2
Hellagur 赫拉格 meet.this.nursery@tale.of 3
Ptilopsis 白面鸮 element.in@the.tottering 3
Lava 炎熔 feudal.society@a.rapid 1
Aak 阿阿 an.uninterrupted@now.hidden 1
Scavenger 清道 the.manufacturing@middle.class 3
Sideroca 铸铁 of.the.earliest@towns.From 2
Bison 拜松 one.another@carried.on 1
0
Bibeak 柏喙 rising.bourgeoisie@The.EastInd 1
Reed 苇草 industrial@production.was 3
Purestream 清流 this.distinctive@feature.it 2
0
0
0
Silence 赫默 has.simplified@the.class 2
Purestream 清流 this.distinctive@feature.it 2
Meteor 流星 to.industry@an.impulse 2
Aak 阿阿 an.uninterrupted@now.hidden 1
-1
Midnight 月见夜 a.whole.is@more.and 3
Silence 赫默 has.simplified@the.class 2
0
0
0
Savage 暴行 fresh.ground@for.the 1
Ceobe 刻俄柏 vanished.in@the.face 4
Sussurro 苏苏洛 of.division@of.labour 1
Siege 推进之王 in.a.revolutionary@reconstitut 1
Frostleaf 霜叶 existing.societies@is.the 1
0
0
Orchid 梓兰 two.great.classes@directly.fac 1
Frostleaf 霜叶 existing.societies@is.the 1
Ptilopsis 白面鸮 element.in@the.tottering 3
Breeze 微风 now.open.fight@a.fight 1
0
0
Hellagur 赫拉格 meet.this.nursery@tale.of 3
Greyy 格雷 new.forms.of@struggle.in 4
Schwarz 黑黑 wants.of.the@new.markets 1
Magallan 麦哲伦 arrangement@of.society 2
FEater 食铁兽 not.done.away@with.class 1
NoirCorne 黑角 face.of.the@whole.world 4
Gravel 砾砾 trade.with@the.colonies 4
Ceylon 锡兰 The.manufacturing@system.took 4
Croissant 可颂 ruins.of.feudal@society.has 4
0
0
Magallan 麦哲伦 arrangement@of.society 2
Magallan 麦哲伦 arrangement@of.society 2
Amiya 阿米娅 commodities@generally.gave 2
Conviction 断罪者 that.each.time@ended.either 2
Haze 夜烟 antagonisms@Society.as 3
Bison 拜松 one.another@carried.on 1
Executor 送葬人 two.great.hostile@camps.into 1
Matterhorn 角峰 pushed.on.one@side.by 4
Angelina 安洁莉娜 monopolised@by.closed 1
Angelina 安洁莉娜 monopolised@by.closed 1
Exusiai 能天使 growing.the@demand.ever 1
WaaiFu 槐琥 have.patricians@knights.plebei 1
Purestream 清流 this.distinctive@feature.it 2
Weedy 温蒂 with.a.Manifesto@of.the 2
Matterhorn 角峰 pushed.on.one@side.by 4
Shining 闪灵 publish.their@views.their 1
Savage 暴行 fresh.ground@for.the 1
Croissant 可颂 ruins.of.feudal@society.has 4
0
-1
0
0
-1
-1
Broca 布洛 serfs.of.the@Middle.Ages 4
Hibiscus 芙蓉 thereby.to@the.revolutionary 2
Grani 格拉尼 in.a.word.oppressor@and.oppres 1
Schwarz 黑黑 wants.of.the@new.markets 1
0
Reed 苇草 industrial@production.was 3
Sesa 慑砂 everywhere@a.complicated 4
Lava 炎熔 feudal.society@a.rapid 1
Blaze 煌煌 against.the@more.advanced 1
Durin 杜林 Proletariat@From.the 1
Provence 普罗旺斯 aims.their@tendencies.and 4
0
0
Midnight 月见夜 a.whole.is@more.and 3
Hung 吽吽 that.has.sprouted@from.the 3
Orchid 梓兰 two.great.classes@directly.fac 1
Silence 赫默 has.simplified@the.class 2
Rope 暗索 in.London.and@sketched.the 4
Shining 闪灵 publish.their@views.their 1
-1
Bibeak 柏喙 rising.bourgeoisie@The.EastInd 1
Ambriel 安比尔 the.bourgeoisie@possesses.howe 3
GreyThroat 灰喉 means.of.exchange@and.in 2
Haze 夜烟 antagonisms@Society.as 3
0
Frostleaf 霜叶 existing.societies@is.the 1
Phantom 傀影 following.Manifesto@to.be 2
Franka 芙兰卡 and.Chinese@markets.the 1
Greyy 格雷 new.forms.of@struggle.in 4
Snowsant 雪雉 is.the.Opposition@that.has 3
Ambriel 安比尔 the.bourgeoisie@possesses.howe 3
Savage 暴行 fresh.ground@for.the 1
Meteor 流星 to.industry@an.impulse 2
0
Ceylon 锡兰 The.manufacturing@system.took 4
FEater 食铁兽 not.done.away@with.class 1
Siege 推进之王 in.a.revolutionary@reconstitut 1
0
0
Sora 空空 manifold.gradation@of.social 2
Hibiscus 芙蓉 thereby.to@the.revolutionary 2
Mayer 梅尔 production@The.place 2
0
0
Orchid 梓兰 two.great.classes@directly.fac 1
NoirCorne 黑角 face.of.the@whole.world 4
Nian 年年 in.the.common@ruin.of 1
-1
Beehunter 猎蜂 longer.sufficed@Thereupon.stea 4
Eyjafjalla 艾雅法 its.place.The@guildmasters.wer 1
Sussurro 苏苏洛 of.division@of.labour 1
Myrrh 末药 system.of.industry@under.which 4
Grani 格拉尼 in.a.word.oppressor@and.oppres 1
Utage 宴宴 never.before@known.and 2
Orchid 梓兰 by.the.giant@Modern.Industry 1
Provence 普罗旺斯 aims.their@tendencies.and 4
W 达不溜 French.German@Italian.Flemish 2
Snowsant 雪雉 is.the.Opposition@that.has 3
Rope 暗索 in.London.and@sketched.the 4
Ambriel 安比尔 the.bourgeoisie@possesses.howe 3
0
Bibeak 柏喙 rising.bourgeoisie@The.EastInd 1
Franka 芙兰 and.Chinese@markets.the 1
Zima 凛冬 classes.again@subordinate.grad 1
Shamare 巫恋 rising.Even@manufacture.no 2
Ansel 安赛尔 opponents.in@power.Where 4
Hung 吽吽 that.has.sprouted@from.the 3
Breeze 微风 the.place.of@the.industrial 1
Mostima 莫斯提马 of.America@the.rounding 1
Franka 芙兰 and.Chinese@markets.the 1
Shamare 巫恋 rising.Even@manufacture.no 2
0
0
Savage 暴行 fresh.ground@for.the 1
Midnight 月见夜 a.whole.is@more.and 3
Grani 格拉尼 in.a.word.oppressor@and.oppres 1
Mostima 莫斯提马 of.America@the.rounding 1
Scavenger 清道 millionaires@the.leaders 3
0
Eyjafjalla 艾雅法 its.place.The@guildmasters.wer 1
Shamare 巫恋 rising.Even@manufacture.no 2
0
NoirCorne 黑角 face.of.the@whole.world 4
Executor 送葬人 two.great.hostile@camps.into 1
0
0
Utage 宴宴 never.before@known.and 2
Eyjafjalla 艾雅法 its.place.The@guildmasters.wer 1
Nian 年年 in.the.common@ruin.of 1
Mousse 慕斯 itself.a.Power@II.It 4
Utage 宴宴 never.before@known.and 2
Utage 宴宴 never.before@known.and 2
Popukar 泡普卡 journeymen@apprentices.serfs 1
Durin 杜林 Proletariat@From.the 1
Frostleaf 霜叶 existing.societies@is.the 1
Gummy 古米 new.conditions@of.oppression 4
Gravel 砾砾 trade.with@the.colonies 4
0
Mayer 梅尔 production@The.place 2
Vulcan 火神 and.machinery@revolutionised.i 3
Shamare 巫恋 rising.Even@manufacture.no 2
W 达不溜 French.German@Italian.Flemish 2
Franka 芙兰 and.Chinese@markets.the 1
